# JRE version: OpenJDK Runtime Environment (8.0_212-b04) (build 1.8.0_212-release-1586-b04)
# Java VM: OpenJDK 64-Bit Server VM (25.212-b04 mixed mode windows-amd64 compressed oops)
Heap:
 PSYoungGen      total 65536K, used 60313K [0x00000000e0000000, 0x00000000e4d80000, 0x0000000100000000)
  eden space 60416K, 92% used [0x00000000e0000000,0x00000000e3649260,0x00000000e3b00000)
  from space 5120K, 92% used [0x00000000e4880000,0x00000000e4d1d4a8,0x00000000e4d80000)
  to   space 9216K, 0% used [0x00000000e3b80000,0x00000000e3b80000,0x00000000e4480000)
 ParOldGen       total 87040K, used 31218K [0x00000000a0000000, 0x00000000a5500000, 0x00000000e0000000)
  object space 87040K, 35% used [0x00000000a0000000,0x00000000a1e7cae0,0x00000000a5500000)
 Metaspace       used 60279K, capacity 62526K, committed 62808K, reserved 1103872K
  class space    used 8302K, capacity 8816K, committed 8832K, reserved 1048576K
GC Heap History (10 events):
Event: 70.360 GC heap before
{Heap before GC invocations=23 (full 2):
 PSYoungGen      total 48640K, used 48624K [0x00000000e0000000, 0x00000000e4680000, 0x0000000100000000)
  eden space 46592K, 100% used [0x00000000e0000000,0x00000000e2d80000,0x00000000e2d80000)
  from space 2048K, 99% used [0x00000000e3700000,0x00000000e38fc010,0x00000000e3900000)
  to   space 9728K, 0% used [0x00000000e2d80000,0x00000000e2d80000,0x00000000e3700000)
 ParOldGen       total 51712K, used 26043K [0x00000000a0000000, 0x00000000a3280000, 0x00000000e0000000)
  object space 51712K, 50% used [0x00000000a0000000,0x00000000a196eee0,0x00000000a3280000)
 Metaspace       used 51128K, capacity 52732K, committed 52992K, reserved 1095680K
  class space    used 6968K, capacity 7373K, committed 7424K, reserved 1048576K
Event: 70.411 GC heap after
Heap after GC invocations=23 (full 2):
 PSYoungGen      total 56320K, used 5991K [0x00000000e0000000, 0x00000000e4a00000, 0x0000000100000000)
  eden space 46592K, 0% used [0x00000000e0000000,0x00000000e0000000,0x00000000e2d80000)
  from space 9728K, 61% used [0x00000000e2d80000,0x00000000e3359f50,0x00000000e3700000)
  to   space 9728K, 0% used [0x00000000e4080000,0x00000000e4080000,0x00000000e4a00000)
 ParOldGen       total 51712K, used 28061K [0x00000000a0000000, 0x00000000a3280000, 0x00000000e0000000)
  object space 51712K, 54% used [0x00000000a0000000,0x00000000a1b67750,0x00000000a3280000)
 Metaspace       used 51128K, capacity 52732K, committed 52992K, reserved 1095680K
  class space    used 6968K, capacity 7373K, committed 7424K, reserved 1048576K
}
Event: 73.377 GC heap before
{Heap before GC invocations=24 (full 2):
 PSYoungGen      total 56320K, used 52583K [0x00000000e0000000, 0x00000000e4a00000, 0x0000000100000000)
  eden space 46592K, 100% used [0x00000000e0000000,0x00000000e2d80000,0x00000000e2d80000)
  from space 9728K, 61% used [0x00000000e2d80000,0x00000000e3359f50,0x00000000e3700000)
  to   space 9728K, 0% used [0x00000000e4080000,0x00000000e4080000,0x00000000e4a00000)
 ParOldGen       total 51712K, used 28061K [0x00000000a0000000, 0x00000000a3280000, 0x00000000e0000000)
  object space 51712K, 54% used [0x00000000a0000000,0x00000000a1b67750,0x00000000a3280000)
 Metaspace       used 54533K, capacity 56240K, committed 56320K, reserved 1097728K
  class space    used 7515K, capacity 7915K, committed 7936K, reserved 1048576K
Event: 73.390 GC heap after
Heap after GC invocations=24 (full 2):
 PSYoungGen      total 62976K, used 4399K [0x00000000e0000000, 0x00000000e4800000, 0x0000000100000000)
  eden space 55296K, 0% used [0x00000000e0000000,0x00000000e0000000,0x00000000e3600000)
  from space 7680K, 57% used [0x00000000e4080000,0x00000000e44cbfc0,0x00000000e4800000)
  to   space 9216K, 0% used [0x00000000e3600000,0x00000000e3600000,0x00000000e3f00000)
 ParOldGen       total 51712K, used 31255K [0x00000000a0000000, 0x00000000a3280000, 0x00000000e0000000)
  object space 51712K, 60% used [0x00000000a0000000,0x00000000a1e85f90,0x00000000a3280000)
 Metaspace       used 54533K, capacity 56240K, committed 56320K, reserved 1097728K
  class space    used 7515K, capacity 7915K, committed 7936K, reserved 1048576K
}
Event: 78.862 GC heap before
{Heap before GC invocations=25 (full 2):
 PSYoungGen      total 62976K, used 48638K [0x00000000e0000000, 0x00000000e4800000, 0x0000000100000000)
  eden space 55296K, 80% used [0x00000000e0000000,0x00000000e2b33a38,0x00000000e3600000)
  from space 7680K, 57% used [0x00000000e4080000,0x00000000e44cbfc0,0x00000000e4800000)
  to   space 9216K, 0% used [0x00000000e3600000,0x00000000e3600000,0x00000000e3f00000)
 ParOldGen       total 51712K, used 31255K [0x00000000a0000000, 0x00000000a3280000, 0x00000000e0000000)
  object space 51712K, 60% used [0x00000000a0000000,0x00000000a1e85f90,0x00000000a3280000)
 Metaspace       used 57143K, capacity 58974K, committed 59096K, reserved 1099776K
  class space    used 7906K, capacity 8358K, committed 8448K, reserved 1048576K
Event: 78.879 GC heap after
Heap after GC invocations=25 (full 2):
 PSYoungGen      total 64512K, used 7063K [0x00000000e0000000, 0x00000000e5200000, 0x0000000100000000)
  eden space 55296K, 0% used [0x00000000e0000000,0x00000000e0000000,0x00000000e3600000)
  from space 9216K, 76% used [0x00000000e3600000,0x00000000e3ce5e40,0x00000000e3f00000)
  to   space 9728K, 0% used [0x00000000e4880000,0x00000000e4880000,0x00000000e5200000)
 ParOldGen       total 51712K, used 31263K [0x00000000a0000000, 0x00000000a3280000, 0x00000000e0000000)
  object space 51712K, 60% used [0x00000000a0000000,0x00000000a1e87f90,0x00000000a3280000)
 Metaspace       used 57143K, capacity 58974K, committed 59096K, reserved 1099776K
  class space    used 7906K, capacity 8358K, committed 8448K, reserved 1048576K
}
Event: 78.880 GC heap before
{Heap before GC invocations=26 (full 3):
 PSYoungGen      total 64512K, used 7063K [0x00000000e0000000, 0x00000000e5200000, 0x0000000100000000)
  eden space 55296K, 0% used [0x00000000e0000000,0x00000000e0000000,0x00000000e3600000)
  from space 9216K, 76% used [0x00000000e3600000,0x00000000e3ce5e40,0x00000000e3f00000)
  to   space 9728K, 0% used [0x00000000e4880000,0x00000000e4880000,0x00000000e5200000)
 ParOldGen       total 51712K, used 31263K [0x00000000a0000000, 0x00000000a3280000, 0x00000000e0000000)
  object space 51712K, 60% used [0x00000000a0000000,0x00000000a1e87f90,0x00000000a3280000)
 Metaspace       used 57143K, capacity 58974K, committed 59096K, reserved 1099776K
  class space    used 7906K, capacity 8358K, committed 8448K, reserved 1048576K
Event: 81.131 GC heap after
Heap after GC invocations=26 (full 3):
 PSYoungGen      total 64512K, used 0K [0x00000000e0000000, 0x00000000e5200000, 0x0000000100000000)
  eden space 55296K, 0% used [0x00000000e0000000,0x00000000e0000000,0x00000000e3600000)
  from space 9216K, 0% used [0x00000000e3600000,0x00000000e3600000,0x00000000e3f00000)
  to   space 9728K, 0% used [0x00000000e4880000,0x00000000e4880000,0x00000000e5200000)
 ParOldGen       total 87040K, used 31210K [0x00000000a0000000, 0x00000000a5500000, 0x00000000e0000000)
  object space 87040K, 35% used [0x00000000a0000000,0x00000000a1e7aae0,0x00000000a5500000)
 Metaspace       used 57108K, capacity 58878K, committed 59096K, reserved 1099776K
  class space    used 7895K, capacity 8338K, committed 8448K, reserved 1048576K
}
Event: 89.648 GC heap before
{Heap before GC invocations=27 (full 3):
 PSYoungGen      total 64512K, used 55296K [0x00000000e0000000, 0x00000000e5200000, 0x0000000100000000)
  eden space 55296K, 100% used [0x00000000e0000000,0x00000000e3600000,0x00000000e3600000)
  from space 9216K, 0% used [0x00000000e3600000,0x00000000e3600000,0x00000000e3f00000)
  to   space 9728K, 0% used [0x00000000e4880000,0x00000000e4880000,0x00000000e5200000)
 ParOldGen       total 87040K, used 31210K [0x00000000a0000000, 0x00000000a5500000, 0x00000000e0000000)
  object space 87040K, 35% used [0x00000000a0000000,0x00000000a1e7aae0,0x00000000a5500000)
 Metaspace       used 58645K, capacity 60758K, committed 60888K, reserved 1101824K
  class space    used 8097K, capacity 8600K, committed 8704K, reserved 1048576K
Event: 89.673 GC heap after
Heap after GC invocations=27 (full 3):
 PSYoungGen      total 65536K, used 4725K [0x00000000e0000000, 0x00000000e4d80000, 0x0000000100000000)
  eden space 60416K, 0% used [0x00000000e0000000,0x00000000e0000000,0x00000000e3b00000)
  from space 5120K, 92% used [0x00000000e4880000,0x00000000e4d1d4a8,0x00000000e4d80000)
  to   space 9216K, 0% used [0x00000000e3b80000,0x00000000e3b80000,0x00000000e4480000)
 ParOldGen       total 87040K, used 31218K [0x00000000a0000000, 0x00000000a5500000, 0x00000000e0000000)
  object space 87040K, 35% used [0x00000000a0000000,0x00000000a1e7cae0,0x00000000a5500000)
 Metaspace       used 58645K, capacity 60758K, committed 60888K, reserved 1101824K
  class space    used 8097K, capacity 8600K, committed 8704K, reserved 1048576K
}

